{
  "RSpec": {
    "coverage": {
      "/home/thiago/my_cookbook/app/mailers/recipes_mailer.rb": [
        null,
        1,
        1,
        null,
        1,
        2,
        2,
        2,
        null,
        null
      ],
      "/home/thiago/my_cookbook/app/mailers/application_mailer.rb": [
        1,
        1,
        1,
        null
      ],
      "/home/thiago/my_cookbook/app/controllers/home_controller.rb": [
        1,
        1,
        46,
        46,
        46,
        46,
        53,
        46,
        46,
        6,
        null,
        null,
        null
      ],
      "/home/thiago/my_cookbook/app/controllers/application_controller.rb": [
        1,
        1,
        1,
        null,
        1,
        null,
        1,
        3,
        null,
        null,
        1,
        null,
        1,
        4,
        3,
        1,
        null,
        1,
        null,
        null,
        1,
        1,
        null,
        null,
        null
      ],
      "/home/thiago/my_cookbook/app/models/recipe.rb": [
        1,
        1,
        1,
        null,
        null,
        null,
        1,
        1,
        1,
        1,
        1,
        1,
        null,
        null,
        1,
        22,
        null,
        null
      ],
      "/home/thiago/my_cookbook/app/models/cuisine.rb": [
        1,
        1,
        null
      ],
      "/home/thiago/my_cookbook/app/models/recipe_type.rb": [
        1,
        1,
        null
      ],
      "/home/thiago/my_cookbook/app/models/favorite.rb": [
        1,
        1,
        1,
        1,
        null
      ],
      "/home/thiago/my_cookbook/app/controllers/recipes_controller.rb": [
        1,
        1,
        null,
        1,
        1,
        1,
        null,
        1,
        28,
        28,
        28,
        null,
        null,
        1,
        5,
        5,
        5,
        null,
        null,
        1,
        5,
        5,
        5,
        4,
        null,
        1,
        1,
        1,
        null,
        null,
        null,
        1,
        2,
        null,
        null,
        1,
        2,
        1,
        1,
        1,
        null,
        1,
        1,
        1,
        null,
        null,
        null,
        1,
        2,
        2,
        null,
        null,
        1,
        2,
        2,
        2,
        2,
        null,
        null,
        1,
        4,
        4,
        4,
        1,
        null,
        4,
        null,
        null,
        1,
        3,
        3,
        3,
        null,
        null,
        1,
        1,
        1,
        1,
        null,
        null,
        1,
        1,
        1,
        1,
        1,
        1,
        null,
        null,
        1,
        null,
        1,
        41,
        null,
        null,
        1,
        16,
        null,
        null,
        1,
        7,
        7,
        null,
        null,
        null,
        null,
        null,
        1,
        7,
        7,
        1,
        null,
        6,
        null,
        null,
        null
      ],
      "/home/thiago/my_cookbook/app/controllers/cuisines_controller.rb": [
        1,
        1,
        1,
        null,
        null,
        1,
        4,
        4,
        4,
        null,
        null,
        1,
        2,
        null,
        null,
        1,
        2,
        2,
        1,
        null,
        1,
        1,
        null,
        null,
        null,
        1,
        null,
        1,
        2,
        null,
        null
      ],
      "/home/thiago/my_cookbook/app/controllers/recipe_types_controller.rb": [
        1,
        1,
        1,
        null,
        null,
        1,
        4,
        4,
        4,
        null,
        null,
        1,
        2,
        null,
        null,
        1,
        2,
        2,
        1,
        null,
        1,
        1,
        null,
        null,
        null,
        1,
        null,
        1,
        2,
        null,
        null
      ],
      "/home/thiago/my_cookbook/app/assets/channels/application_cable/connection.rb": [
        0,
        0,
        0,
        0
      ],
      "/home/thiago/my_cookbook/app/assets/channels/application_cable/channel.rb": [
        0,
        0,
        0,
        0
      ]
    },
    "timestamp": 1517155061
  }
}
